{"/Users/ulises/cse110-sp24-group8/src/scripts/fibonacci.js": {"path":"/Users/ulises/cse110-sp24-group8/src/scripts/fibonacci.js","statementMap":{"0":{"start":{"line":3,"column":4},"end":{"line":5,"column":5}},"1":{"start":{"line":4,"column":8},"end":{"line":4,"column":17}},"2":{"start":{"line":6,"column":4},"end":{"line":6,"column":47}}},"fnMap":{"0":{"name":"fibonacci","decl":{"start":{"line":2,"column":16},"end":{"line":2,"column":25}},"loc":{"start":{"line":2,"column":29},"end":{"line":7,"column":1}},"line":2}},"branchMap":{"0":{"loc":{"start":{"line":3,"column":4},"end":{"line":5,"column":5}},"type":"if","locations":[{"start":{"line":3,"column":4},"end":{"line":5,"column":5}},{"start":{},"end":{}}],"line":3}},"s":{"0":181,"1":92,"2":89},"f":{"0":181},"b":{"0":[92,89]},"inputSourceMap":null,"_coverageSchema":"1a1c01bbd47fc00a2c39e90264f33305004495a9","hash":"4739126c8f500bb4b9c200807a7fa5cf96e175bb"}
,"/Users/ulises/cse110-sp24-group8/src/scripts/script.js": {"path":"/Users/ulises/cse110-sp24-group8/src/scripts/script.js","statementMap":{"0":{"start":{"line":2,"column":4},"end":{"line":2,"column":17}}},"fnMap":{"0":{"name":"subtract","decl":{"start":{"line":1,"column":16},"end":{"line":1,"column":24}},"loc":{"start":{"line":1,"column":31},"end":{"line":3,"column":1}},"line":1}},"branchMap":{},"s":{"0":1},"f":{"0":1},"b":{},"inputSourceMap":null,"_coverageSchema":"1a1c01bbd47fc00a2c39e90264f33305004495a9","hash":"288a4415ba38cc04b1e40a0f0d7f3af084b86d07"}
}
