TN:
SF:src/scripts/fibonacci.js
FN:2,fibonacci
FNF:1
FNH:1
FNDA:181,fibonacci
DA:3,181
DA:4,92
DA:6,89
LF:3
LH:3
BRDA:3,0,0,92
BRDA:3,0,1,89
BRF:2
BRH:2
end_of_record
TN:
SF:src/scripts/inefficient_code.js
FN:1,complexFunction
FNF:1
FNH:1
FNDA:3,complexFunction
DA:2,3
DA:3,3
DA:4,3
DA:6,0
DA:8,0
DA:9,0
DA:11,0
DA:12,0
DA:14,0
LF:9
LH:3
BRDA:2,0,0,3
BRDA:2,0,1,0
BRDA:3,1,0,3
BRDA:3,1,1,0
BRDA:8,2,0,0
BRDA:8,2,1,0
BRDA:11,3,0,0
BRDA:11,3,1,0
BRF:8
BRH:2
end_of_record
TN:
SF:src/scripts/script.js
FN:1,subtract
FNF:1
FNH:1
FNDA:1,subtract
DA:2,1
LF:1
LH:1
BRF:0
BRH:0
end_of_record
